\BOOKMARK [1][-]{section.1}{\376\377\000I\000n\000t\000r\000o\000d\000u\000c\000t\000i\000o\000n}{}% 1
\BOOKMARK [1][-]{section.2}{\376\377\000D\000a\000t\000a\000\040\000I\000n\000t\000e\000g\000r\000a\000t\000i\000o\000n\000\040\000M\000o\000d\000e\000l\000\040\000f\000o\000r\000\040\000E\000X\000p\000o\000s\000u\000r\000e\000s\000\040\000\050\000D\000I\000M\000E\000X\000-\000U\000K\000\051}{}% 2
\BOOKMARK [2][-]{subsection.2.1}{\376\377\000A\000g\000e\000n\000t\000\040\000b\000a\000s\000e\000d\000\040\000m\000o\000d\000e\000l\000l\000i\000n\000g}{section.2}% 3
\BOOKMARK [2][-]{subsection.2.2}{\376\377\000M\000o\000d\000e\000l\000l\000i\000n\000g\000\040\000f\000r\000a\000m\000e\000w\000o\000r\000k}{section.2}% 4
\BOOKMARK [2][-]{subsection.2.3}{\376\377\000S\000y\000n\000t\000h\000e\000t\000i\000c\000\040\000P\000o\000p\000u\000l\000a\000t\000i\000o\000n}{section.2}% 5
\BOOKMARK [2][-]{subsection.2.4}{\376\377\000A\000c\000t\000i\000v\000i\000t\000y\000\040\000s\000a\000m\000p\000l\000e\000r}{section.2}% 6
\BOOKMARK [2][-]{subsection.2.5}{\376\377\000E\000x\000p\000o\000s\000u\000r\000e\000\040\000e\000s\000t\000i\000m\000a\000t\000i\000o\000n}{section.2}% 7
\BOOKMARK [3][-]{subsubsection.2.5.1}{\376\377\000O\000p\000e\000n\000\040\000m\000i\000c\000r\000o\000-\000e\000n\000v\000i\000r\000o\000n\000m\000e\000n\000t\000s}{subsection.2.5}% 8
\BOOKMARK [3][-]{subsubsection.2.5.2}{\376\377\000C\000l\000o\000s\000e\000d\000\040\000m\000i\000c\000r\000o\000-\000e\000n\000v\000i\000r\000o\000n\000m\000e\000n\000t\000s}{subsection.2.5}% 9
\BOOKMARK [2][-]{subsection.2.6}{\376\377\000E\000x\000p\000o\000s\000u\000r\000e\000\040\000s\000i\000m\000u\000l\000a\000t\000o\000r}{section.2}% 10
\BOOKMARK [1][-]{section.3}{\376\377\000A\000i\000r\000\040\000p\000o\000l\000l\000u\000t\000i\000o\000n\000\040\000m\000e\000a\000s\000u\000r\000e\000m\000e\000n\000t\000,\000\040\000m\000o\000d\000e\000l\000l\000i\000n\000g\000\040\000a\000n\000d\000\040\000m\000o\000n\000i\000t\000o\000r\000i\000n\000g\000\040\000m\000o\000b\000i\000l\000i\000t\000y}{}% 11
\BOOKMARK [2][-]{subsection.3.1}{\376\377\000N\000e\000t\000w\000o\000r\000k\000\040\000o\000f\000\040\000s\000e\000n\000s\000o\000r\000\040\000d\000e\000p\000l\000o\000y\000m\000e\000n\000t}{section.3}% 12
\BOOKMARK [2][-]{subsection.3.2}{\376\377\000A\000U\000R\000N\000\040\000a\000n\000d\000\040\000n\000e\000w\000\040\000n\000e\000t\000w\000o\000r\000k\000\040\000o\000f\000\040\000a\000i\000r\000\040\000q\000u\000a\000l\000i\000t\000y\000\040\000s\000e\000n\000s\000o\000r\000\040\000d\000e\000p\000l\000o\000y\000m\000e\000n\000t}{section.3}% 13
\BOOKMARK [2][-]{subsection.3.3}{\376\377\000M\000o\000b\000i\000l\000i\000t\000y\000\040\000m\000o\000n\000i\000t\000o\000r\000i\000n\000g}{section.3}% 14
\BOOKMARK [2][-]{subsection.3.4}{\376\377\000I\000n\000t\000e\000g\000r\000a\000t\000i\000o\000n\000\040\000o\000f\000\040\000r\000e\000a\000l\000t\000i\000m\000e\000\040\000d\000a\000t\000a\000\040\000i\000n\000t\000o\000\040\000t\000h\000e\000\040\000M\000a\000n\000c\000h\000e\000s\000t\000e\000r\000-\000i\000\040\000p\000l\000a\000t\000f\000o\000r\000m}{section.3}% 15
\BOOKMARK [2][-]{subsection.3.5}{\376\377\000E\000M\000E\000P\000\040\000m\000o\000d\000e\000l\000\040\000c\000o\000n\000f\000i\000g\000u\000r\000a\000t\000i\000o\000n\000\040\000a\000n\000d\000\040\000s\000i\000m\000u\000l\000a\000t\000i\000o\000n}{section.3}% 16
\BOOKMARK [1][-]{section.4}{\376\377\000C\000a\000s\000e\000\040\000s\000t\000u\000d\000y\000:\000\040\000D\000e\000v\000o\000n}{}% 17
\BOOKMARK [1][-]{section.5}{\376\377\000C\000a\000s\000e\000\040\000s\000t\000u\000d\000y\000:\000\040\000G\000r\000e\000a\000t\000e\000r\000\040\000M\000a\000n\000c\000h\000e\000s\000t\000e\000r}{}% 18
\BOOKMARK [1][-]{section.6}{\376\377\000F\000u\000t\000u\000r\000e\000\040\000E\000x\000t\000e\000n\000s\000i\000o\000n\000s}{}% 19
\BOOKMARK [2][-]{subsection.6.1}{\376\377\000O\000t\000h\000e\000r\000\040\000p\000o\000l\000l\000u\000t\000a\000n\000t\000s\000,\000\040\000a\000n\000d\000\040\000o\000t\000h\000e\000r\000\040\000h\000a\000z\000a\000r\000d\000s\000\040}{section.6}% 20
\BOOKMARK [2][-]{subsection.6.2}{\376\377\000E\000v\000a\000l\000u\000a\000t\000i\000n\000g\000\040\000f\000o\000r\000e\000c\000a\000s\000t\000i\000n\000g\000\040\000a\000h\000e\000a\000d\000\040\000o\000f\000\040\000t\000i\000m\000e}{section.6}% 21
\BOOKMARK [2][-]{subsection.6.3}{\376\377\000C\000r\000e\000a\000t\000i\000n\000g\000\040\000s\000p\000a\000t\000i\000a\000l\000l\000y\000\040\000e\000n\000r\000i\000c\000h\000e\000d\000\040\000s\000y\000n\000t\000h\000e\000t\000i\000c\000\040\000m\000i\000c\000r\000o\000-\000d\000a\000t\000a\000\040\000f\000o\000r\000\040\000n\000a\000t\000i\000o\000n\000a\000l\000\040\000m\000u\000l\000t\000i\000-\000l\000e\000v\000e\000l\000\040\000m\000o\000d\000e\000l\000l\000i\000n\000g}{section.6}% 22
\BOOKMARK [1][-]{appendix.A}{\376\377\000A\000p\000p\000e\000n\000d\000i\000x}{}% 23
