This is pdfTeX, Version 3.141592653-2.6-1.40.22 (TeX Live 2021) (preloaded format=pdflatex 2022.3.11)  22 AUG 2022 12:11
entering extended mode
 restricted \write18 enabled.
 file:line:error style messages enabled.
 %&-line parsing enabled.
**report.tex
(./report.tex
LaTeX2e <2020-10-01> patch level 4
L3 programming layer <2021-02-18> (/usr/local/texlive/2021/texmf-dist/tex/latex/base/article.cls
Document Class: article 2020/04/10 v1.4m Standard LaTeX document class
(/usr/local/texlive/2021/texmf-dist/tex/latex/base/size10.clo
File: size10.clo 2020/04/10 v1.4m Standard LaTeX file (size option)
)
\c@part=\count179
\c@section=\count180
\c@subsection=\count181
\c@subsubsection=\count182
\c@paragraph=\count183
\c@subparagraph=\count184
\c@figure=\count185
\c@table=\count186
\abovecaptionskip=\skip47
\belowcaptionskip=\skip48
\bibindent=\dimen138
) (/usr/local/texlive/2021/texmf-dist/tex/latex/geometry/geometry.sty
Package: geometry 2020/01/02 v5.9 Page Geometry
 (/usr/local/texlive/2021/texmf-dist/tex/latex/graphics/keyval.sty
Package: keyval 2014/10/28 v1.15 key=value parser (DPC)
\KV@toks@=\toks15
) (/usr/local/texlive/2021/texmf-dist/tex/generic/iftex/ifvtex.sty
Package: ifvtex 2019/10/25 v1.7 ifvtex legacy package. Use iftex instead.
 (/usr/local/texlive/2021/texmf-dist/tex/generic/iftex/iftex.sty
Package: iftex 2020/03/06 v1.0d TeX engine tests
))
\Gm@cnth=\count187
\Gm@cntv=\count188
\c@Gm@tempcnt=\count189
\Gm@bindingoffset=\dimen139
\Gm@wd@mp=\dimen140
\Gm@odd@mp=\dimen141
\Gm@even@mp=\dimen142
\Gm@layoutwidth=\dimen143
\Gm@layoutheight=\dimen144
\Gm@layouthoffset=\dimen145
\Gm@layoutvoffset=\dimen146
\Gm@dimlist=\toks16
) (/usr/local/texlive/2021/texmf-dist/tex/latex/todonotes/todonotes.sty
Package: todonotes 2020/08/18 v1.1.3 Todonotes source and documentation.
Package: todonotes 2018/11/22
 (/usr/local/texlive/2021/texmf-dist/tex/latex/base/ifthen.sty
Package: ifthen 2014/09/29 v1.1c Standard LaTeX ifthen package (DPC)
) (/usr/local/texlive/2021/texmf-dist/tex/latex/xkeyval/xkeyval.sty
Package: xkeyval 2020/11/20 v2.8 package option processing (HA)
 (/usr/local/texlive/2021/texmf-dist/tex/generic/xkeyval/xkeyval.tex (/usr/local/texlive/2021/texmf-dist/tex/generic/xkeyval/xkvutils.tex
\XKV@toks=\toks17
\XKV@tempa@toks=\toks18
)
\XKV@depth=\count190
File: xkeyval.tex 2014/12/03 v2.7a key=value parser (HA)
)) (/usr/local/texlive/2021/texmf-dist/tex/latex/xcolor/xcolor.sty
Package: xcolor 2016/05/11 v2.12 LaTeX color extensions (UK)
 (/usr/local/texlive/2021/texmf-dist/tex/latex/graphics-cfg/color.cfg
File: color.cfg 2016/01/02 v1.6 sample color configuration
)
Package xcolor Info: Driver file: pdftex.def on input line 225.
 (/usr/local/texlive/2021/texmf-dist/tex/latex/graphics-def/pdftex.def
File: pdftex.def 2020/10/05 v1.2a Graphics/color driver for pdftex
)
Package xcolor Info: Model `cmy' substituted by `cmy0' on input line 1348.
Package xcolor Info: Model `hsb' substituted by `rgb' on input line 1352.
Package xcolor Info: Model `RGB' extended on input line 1364.
Package xcolor Info: Model `HTML' substituted by `rgb' on input line 1366.
Package xcolor Info: Model `Hsb' substituted by `hsb' on input line 1367.
Package xcolor Info: Model `tHsb' substituted by `hsb' on input line 1368.
Package xcolor Info: Model `HSB' substituted by `hsb' on input line 1369.
Package xcolor Info: Model `Gray' substituted by `gray' on input line 1370.
Package xcolor Info: Model `wave' substituted by `hsb' on input line 1371.
) (/usr/local/texlive/2021/texmf-dist/tex/latex/pgf/frontendlayer/tikz.sty (/usr/local/texlive/2021/texmf-dist/tex/latex/pgf/basiclayer/pgf.sty (/usr/local/texlive/2021/texmf-dist/tex/latex/pgf/utilities/pgfrcs.sty (/usr/local/texlive/2021/texmf-dist/tex/generic/pgf/utilities/pgfutil-common.tex
\pgfutil@everybye=\toks19
\pgfutil@tempdima=\dimen147
\pgfutil@tempdimb=\dimen148
 (/usr/local/texlive/2021/texmf-dist/tex/generic/pgf/utilities/pgfutil-common-lists.tex)) (/usr/local/texlive/2021/texmf-dist/tex/generic/pgf/utilities/pgfutil-latex.def
\pgfutil@abb=\box47
) (/usr/local/texlive/2021/texmf-dist/tex/generic/pgf/utilities/pgfrcs.code.tex (/usr/local/texlive/2021/texmf-dist/tex/generic/pgf/pgf.revision.tex)
Package: pgfrcs 2020/12/27 v3.1.8b (3.1.8b)
))
Package: pgf 2020/12/27 v3.1.8b (3.1.8b)
 (/usr/local/texlive/2021/texmf-dist/tex/latex/pgf/basiclayer/pgfcore.sty (/usr/local/texlive/2021/texmf-dist/tex/latex/graphics/graphicx.sty
Package: graphicx 2020/09/09 v1.2b Enhanced LaTeX Graphics (DPC,SPQR)
 (/usr/local/texlive/2021/texmf-dist/tex/latex/graphics/graphics.sty
Package: graphics 2020/08/30 v1.4c Standard LaTeX Graphics (DPC,SPQR)
 (/usr/local/texlive/2021/texmf-dist/tex/latex/graphics/trig.sty
Package: trig 2016/01/03 v1.10 sin cos tan (DPC)
) (/usr/local/texlive/2021/texmf-dist/tex/latex/graphics-cfg/graphics.cfg
File: graphics.cfg 2016/06/04 v1.11 sample graphics configuration
)
Package graphics Info: Driver file: pdftex.def on input line 105.
)
\Gin@req@height=\dimen149
\Gin@req@width=\dimen150
) (/usr/local/texlive/2021/texmf-dist/tex/latex/pgf/systemlayer/pgfsys.sty (/usr/local/texlive/2021/texmf-dist/tex/generic/pgf/systemlayer/pgfsys.code.tex
Package: pgfsys 2020/12/27 v3.1.8b (3.1.8b)

(/usr/local/texlive/2021/texmf-dist/tex/generic/pgf/utilities/pgfkeys.code.tex
\pgfkeys@pathtoks=\toks20
\pgfkeys@temptoks=\toks21
 (/usr/local/texlive/2021/texmf-dist/tex/generic/pgf/utilities/pgfkeysfiltered.code.tex
\pgfkeys@tmptoks=\toks22
))
\pgf@x=\dimen151
\pgf@y=\dimen152
\pgf@xa=\dimen153
\pgf@ya=\dimen154
\pgf@xb=\dimen155
\pgf@yb=\dimen156
\pgf@xc=\dimen157
\pgf@yc=\dimen158
\pgf@xd=\dimen159
\pgf@yd=\dimen160
\w@pgf@writea=\write3
\r@pgf@reada=\read2
\c@pgf@counta=\count191
\c@pgf@countb=\count192
\c@pgf@countc=\count193
\c@pgf@countd=\count194
\t@pgf@toka=\toks23
\t@pgf@tokb=\toks24
\t@pgf@tokc=\toks25
\pgf@sys@id@count=\count195
 (/usr/local/texlive/2021/texmf-dist/tex/generic/pgf/systemlayer/pgf.cfg
File: pgf.cfg 2020/12/27 v3.1.8b (3.1.8b)
)
Driver file for pgf: pgfsys-pdftex.def
 (/usr/local/texlive/2021/texmf-dist/tex/generic/pgf/systemlayer/pgfsys-pdftex.def
File: pgfsys-pdftex.def 2020/12/27 v3.1.8b (3.1.8b)
 (/usr/local/texlive/2021/texmf-dist/tex/generic/pgf/systemlayer/pgfsys-common-pdf.def
File: pgfsys-common-pdf.def 2020/12/27 v3.1.8b (3.1.8b)
))) (/usr/local/texlive/2021/texmf-dist/tex/generic/pgf/systemlayer/pgfsyssoftpath.code.tex
File: pgfsyssoftpath.code.tex 2020/12/27 v3.1.8b (3.1.8b)
\pgfsyssoftpath@smallbuffer@items=\count196
\pgfsyssoftpath@bigbuffer@items=\count197
) (/usr/local/texlive/2021/texmf-dist/tex/generic/pgf/systemlayer/pgfsysprotocol.code.tex
File: pgfsysprotocol.code.tex 2020/12/27 v3.1.8b (3.1.8b)
)) (/usr/local/texlive/2021/texmf-dist/tex/generic/pgf/basiclayer/pgfcore.code.tex
Package: pgfcore 2020/12/27 v3.1.8b (3.1.8b)
 (/usr/local/texlive/2021/texmf-dist/tex/generic/pgf/math/pgfmath.code.tex (/usr/local/texlive/2021/texmf-dist/tex/generic/pgf/math/pgfmathcalc.code.tex (/usr/local/texlive/2021/texmf-dist/tex/generic/pgf/math/pgfmathutil.code.tex) (/usr/local/texlive/2021/texmf-dist/tex/generic/pgf/math/pgfmathparser.code.tex
\pgfmath@dimen=\dimen161
\pgfmath@count=\count198
\pgfmath@box=\box48
\pgfmath@toks=\toks26
\pgfmath@stack@operand=\toks27
\pgfmath@stack@operation=\toks28
) (/usr/local/texlive/2021/texmf-dist/tex/generic/pgf/math/pgfmathfunctions.code.tex (/usr/local/texlive/2021/texmf-dist/tex/generic/pgf/math/pgfmathfunctions.basic.code.tex) (/usr/local/texlive/2021/texmf-dist/tex/generic/pgf/math/pgfmathfunctions.trigonometric.code.tex) (/usr/local/texlive/2021/texmf-dist/tex/generic/pgf/math/pgfmathfunctions.random.code.tex) (/usr/local/texlive/2021/texmf-dist/tex/generic/pgf/math/pgfmathfunctions.comparison.code.tex) (/usr/local/texlive/2021/texmf-dist/tex/generic/pgf/math/pgfmathfunctions.base.code.tex) (/usr/local/texlive/2021/texmf-dist/tex/generic/pgf/math/pgfmathfunctions.round.code.tex) (/usr/local/texlive/2021/texmf-dist/tex/generic/pgf/math/pgfmathfunctions.misc.code.tex) (/usr/local/texlive/2021/texmf-dist/tex/generic/pgf/math/pgfmathfunctions.integerarithmetics.code.tex))) (/usr/local/texlive/2021/texmf-dist/tex/generic/pgf/math/pgfmathfloat.code.tex
\c@pgfmathroundto@lastzeros=\count199
)) (/usr/local/texlive/2021/texmf-dist/tex/generic/pgf/math/pgfint.code.tex)
(/usr/local/texlive/2021/texmf-dist/tex/generic/pgf/basiclayer/pgfcorepoints.code.tex
File: pgfcorepoints.code.tex 2020/12/27 v3.1.8b (3.1.8b)
\pgf@picminx=\dimen162
\pgf@picmaxx=\dimen163
\pgf@picminy=\dimen164
\pgf@picmaxy=\dimen165
\pgf@pathminx=\dimen166
\pgf@pathmaxx=\dimen167
\pgf@pathminy=\dimen168
\pgf@pathmaxy=\dimen169
\pgf@xx=\dimen170
\pgf@xy=\dimen171
\pgf@yx=\dimen172
\pgf@yy=\dimen173
\pgf@zx=\dimen174
\pgf@zy=\dimen175
) (/usr/local/texlive/2021/texmf-dist/tex/generic/pgf/basiclayer/pgfcorepathconstruct.code.tex
File: pgfcorepathconstruct.code.tex 2020/12/27 v3.1.8b (3.1.8b)
\pgf@path@lastx=\dimen176
\pgf@path@lasty=\dimen177
) (/usr/local/texlive/2021/texmf-dist/tex/generic/pgf/basiclayer/pgfcorepathusage.code.tex
File: pgfcorepathusage.code.tex 2020/12/27 v3.1.8b (3.1.8b)
\pgf@shorten@end@additional=\dimen178
\pgf@shorten@start@additional=\dimen179
) (/usr/local/texlive/2021/texmf-dist/tex/generic/pgf/basiclayer/pgfcorescopes.code.tex
File: pgfcorescopes.code.tex 2020/12/27 v3.1.8b (3.1.8b)
\pgfpic=\box49
\pgf@hbox=\box50
\pgf@layerbox@main=\box51
\pgf@picture@serial@count=\count266
) (/usr/local/texlive/2021/texmf-dist/tex/generic/pgf/basiclayer/pgfcoregraphicstate.code.tex
File: pgfcoregraphicstate.code.tex 2020/12/27 v3.1.8b (3.1.8b)
\pgflinewidth=\dimen180
) (/usr/local/texlive/2021/texmf-dist/tex/generic/pgf/basiclayer/pgfcoretransformations.code.tex
File: pgfcoretransformations.code.tex 2020/12/27 v3.1.8b (3.1.8b)
\pgf@pt@x=\dimen181
\pgf@pt@y=\dimen182
\pgf@pt@temp=\dimen183
) (/usr/local/texlive/2021/texmf-dist/tex/generic/pgf/basiclayer/pgfcorequick.code.tex
File: pgfcorequick.code.tex 2020/12/27 v3.1.8b (3.1.8b)
) (/usr/local/texlive/2021/texmf-dist/tex/generic/pgf/basiclayer/pgfcoreobjects.code.tex
File: pgfcoreobjects.code.tex 2020/12/27 v3.1.8b (3.1.8b)
) (/usr/local/texlive/2021/texmf-dist/tex/generic/pgf/basiclayer/pgfcorepathprocessing.code.tex
File: pgfcorepathprocessing.code.tex 2020/12/27 v3.1.8b (3.1.8b)
) (/usr/local/texlive/2021/texmf-dist/tex/generic/pgf/basiclayer/pgfcorearrows.code.tex
File: pgfcorearrows.code.tex 2020/12/27 v3.1.8b (3.1.8b)
\pgfarrowsep=\dimen184
) (/usr/local/texlive/2021/texmf-dist/tex/generic/pgf/basiclayer/pgfcoreshade.code.tex
File: pgfcoreshade.code.tex 2020/12/27 v3.1.8b (3.1.8b)
\pgf@max=\dimen185
\pgf@sys@shading@range@num=\count267
\pgf@shadingcount=\count268
) (/usr/local/texlive/2021/texmf-dist/tex/generic/pgf/basiclayer/pgfcoreimage.code.tex
File: pgfcoreimage.code.tex 2020/12/27 v3.1.8b (3.1.8b)
 (/usr/local/texlive/2021/texmf-dist/tex/generic/pgf/basiclayer/pgfcoreexternal.code.tex
File: pgfcoreexternal.code.tex 2020/12/27 v3.1.8b (3.1.8b)
\pgfexternal@startupbox=\box52
)) (/usr/local/texlive/2021/texmf-dist/tex/generic/pgf/basiclayer/pgfcorelayers.code.tex
File: pgfcorelayers.code.tex 2020/12/27 v3.1.8b (3.1.8b)
) (/usr/local/texlive/2021/texmf-dist/tex/generic/pgf/basiclayer/pgfcoretransparency.code.tex
File: pgfcoretransparency.code.tex 2020/12/27 v3.1.8b (3.1.8b)
) (/usr/local/texlive/2021/texmf-dist/tex/generic/pgf/basiclayer/pgfcorepatterns.code.tex
File: pgfcorepatterns.code.tex 2020/12/27 v3.1.8b (3.1.8b)
) (/usr/local/texlive/2021/texmf-dist/tex/generic/pgf/basiclayer/pgfcorerdf.code.tex
File: pgfcorerdf.code.tex 2020/12/27 v3.1.8b (3.1.8b)
))) (/usr/local/texlive/2021/texmf-dist/tex/generic/pgf/modules/pgfmoduleshapes.code.tex
File: pgfmoduleshapes.code.tex 2020/12/27 v3.1.8b (3.1.8b)
\pgfnodeparttextbox=\box53
) (/usr/local/texlive/2021/texmf-dist/tex/generic/pgf/modules/pgfmoduleplot.code.tex
File: pgfmoduleplot.code.tex 2020/12/27 v3.1.8b (3.1.8b)
) (/usr/local/texlive/2021/texmf-dist/tex/latex/pgf/compatibility/pgfcomp-version-0-65.sty
Package: pgfcomp-version-0-65 2020/12/27 v3.1.8b (3.1.8b)
\pgf@nodesepstart=\dimen186
\pgf@nodesepend=\dimen187
) (/usr/local/texlive/2021/texmf-dist/tex/latex/pgf/compatibility/pgfcomp-version-1-18.sty
Package: pgfcomp-version-1-18 2020/12/27 v3.1.8b (3.1.8b)
)) (/usr/local/texlive/2021/texmf-dist/tex/latex/pgf/utilities/pgffor.sty (/usr/local/texlive/2021/texmf-dist/tex/latex/pgf/utilities/pgfkeys.sty
(/usr/local/texlive/2021/texmf-dist/tex/generic/pgf/utilities/pgfkeys.code.tex)) (/usr/local/texlive/2021/texmf-dist/tex/latex/pgf/math/pgfmath.sty (/usr/local/texlive/2021/texmf-dist/tex/generic/pgf/math/pgfmath.code.tex)) (/usr/local/texlive/2021/texmf-dist/tex/generic/pgf/utilities/pgffor.code.tex
Package: pgffor 2020/12/27 v3.1.8b (3.1.8b)
 (/usr/local/texlive/2021/texmf-dist/tex/generic/pgf/math/pgfmath.code.tex)
\pgffor@iter=\dimen188
\pgffor@skip=\dimen189
\pgffor@stack=\toks29
\pgffor@toks=\toks30
)) (/usr/local/texlive/2021/texmf-dist/tex/generic/pgf/frontendlayer/tikz/tikz.code.tex
Package: tikz 2020/12/27 v3.1.8b (3.1.8b)
 (/usr/local/texlive/2021/texmf-dist/tex/generic/pgf/libraries/pgflibraryplothandlers.code.tex
File: pgflibraryplothandlers.code.tex 2020/12/27 v3.1.8b (3.1.8b)
\pgf@plot@mark@count=\count269
\pgfplotmarksize=\dimen190
)
\tikz@lastx=\dimen191
\tikz@lasty=\dimen192
\tikz@lastxsaved=\dimen193
\tikz@lastysaved=\dimen194
\tikz@lastmovetox=\dimen195
\tikz@lastmovetoy=\dimen196
\tikzleveldistance=\dimen197
\tikzsiblingdistance=\dimen198
\tikz@figbox=\box54
\tikz@figbox@bg=\box55
\tikz@tempbox=\box56
\tikz@tempbox@bg=\box57
\tikztreelevel=\count270
\tikznumberofchildren=\count271
\tikznumberofcurrentchild=\count272
\tikz@fig@count=\count273
 (/usr/local/texlive/2021/texmf-dist/tex/generic/pgf/modules/pgfmodulematrix.code.tex
File: pgfmodulematrix.code.tex 2020/12/27 v3.1.8b (3.1.8b)
\pgfmatrixcurrentrow=\count274
\pgfmatrixcurrentcolumn=\count275
\pgf@matrix@numberofcolumns=\count276
)
\tikz@expandcount=\count277
 (/usr/local/texlive/2021/texmf-dist/tex/generic/pgf/frontendlayer/tikz/libraries/tikzlibrarytopaths.code.tex
File: tikzlibrarytopaths.code.tex 2020/12/27 v3.1.8b (3.1.8b)
))) (/usr/local/texlive/2021/texmf-dist/tex/generic/pgf/frontendlayer/tikz/libraries/tikzlibrarypositioning.code.tex
File: tikzlibrarypositioning.code.tex 2020/12/27 v3.1.8b (3.1.8b)
) (/usr/local/texlive/2021/texmf-dist/tex/generic/pgf/frontendlayer/tikz/libraries/tikzlibraryshadows.code.tex
File: tikzlibraryshadows.code.tex 2020/12/27 v3.1.8b (3.1.8b)
 (/usr/local/texlive/2021/texmf-dist/tex/generic/pgf/frontendlayer/tikz/libraries/tikzlibraryfadings.code.tex
File: tikzlibraryfadings.code.tex 2020/12/27 v3.1.8b (3.1.8b)
 (/usr/local/texlive/2021/texmf-dist/tex/generic/pgf/libraries/pgflibraryfadings.code.tex
File: pgflibraryfadings.code.tex 2020/12/27 v3.1.8b (3.1.8b)
))) (/usr/local/texlive/2021/texmf-dist/tex/latex/tools/calc.sty
Package: calc 2017/05/25 v4.3 Infix arithmetic (KKT,FJ)
\calc@Acount=\count278
\calc@Bcount=\count279
\calc@Adimen=\dimen199
\calc@Bdimen=\dimen256
\calc@Askip=\skip49
\calc@Bskip=\skip50
LaTeX Info: Redefining \setlength on input line 80.
LaTeX Info: Redefining \addtolength on input line 81.
\calc@Ccount=\count280
\calc@Cskip=\skip51
)
\c@@todonotes@numberoftodonotes=\count281
) (/usr/local/texlive/2021/texmf-dist/tex/latex/amsfonts/amssymb.sty
Package: amssymb 2013/01/14 v3.01 AMS font symbols
 (/usr/local/texlive/2021/texmf-dist/tex/latex/amsfonts/amsfonts.sty
Package: amsfonts 2013/01/14 v3.01 Basic AMSFonts support
\@emptytoks=\toks31
\symAMSa=\mathgroup4
\symAMSb=\mathgroup5
LaTeX Font Info:    Redeclaring math symbol \hbar on input line 98.
LaTeX Font Info:    Overwriting math alphabet `\mathfrak' in version `bold'
(Font)                  U/euf/m/n --> U/euf/b/n on input line 106.
)) (/usr/local/texlive/2021/texmf-dist/tex/latex/amsmath/amsmath.sty
Package: amsmath 2020/09/23 v2.17i AMS math features
\@mathmargin=\skip52

For additional information on amsmath, use the `?' option.
(/usr/local/texlive/2021/texmf-dist/tex/latex/amsmath/amstext.sty
Package: amstext 2000/06/29 v2.01 AMS text
 (/usr/local/texlive/2021/texmf-dist/tex/latex/amsmath/amsgen.sty
File: amsgen.sty 1999/11/30 v2.0 generic functions
\@emptytoks=\toks32
\ex@=\dimen257
)) (/usr/local/texlive/2021/texmf-dist/tex/latex/amsmath/amsbsy.sty
Package: amsbsy 1999/11/29 v1.2d Bold Symbols
\pmbraise@=\dimen258
) (/usr/local/texlive/2021/texmf-dist/tex/latex/amsmath/amsopn.sty
Package: amsopn 2016/03/08 v2.02 operator names
)
\inf@bad=\count282
LaTeX Info: Redefining \frac on input line 234.
\uproot@=\count283
\leftroot@=\count284
LaTeX Info: Redefining \overline on input line 399.
\classnum@=\count285
\DOTSCASE@=\count286
LaTeX Info: Redefining \ldots on input line 496.
LaTeX Info: Redefining \dots on input line 499.
LaTeX Info: Redefining \cdots on input line 620.
\Mathstrutbox@=\box58
\strutbox@=\box59
\big@size=\dimen259
LaTeX Font Info:    Redeclaring font encoding OML on input line 743.
LaTeX Font Info:    Redeclaring font encoding OMS on input line 744.
\macc@depth=\count287
\c@MaxMatrixCols=\count288
\dotsspace@=\muskip16
\c@parentequation=\count289
\dspbrk@lvl=\count290
\tag@help=\toks33
\row@=\count291
\column@=\count292
\maxfields@=\count293
\andhelp@=\toks34
\eqnshift@=\dimen260
\alignsep@=\dimen261
\tagshift@=\dimen262
\tagwidth@=\dimen263
\totwidth@=\dimen264
\lineht@=\dimen265
\@envbody=\toks35
\multlinegap=\skip53
\multlinetaggap=\skip54
\mathdisplay@stack=\toks36
LaTeX Info: Redefining \[ on input line 2923.
LaTeX Info: Redefining \] on input line 2924.
) (/usr/local/texlive/2021/texmf-dist/tex/latex/pdflscape/pdflscape.sty
Package: pdflscape 2019/12/05 v0.12 Display of landscape pages in PDF (HO)
 (/usr/local/texlive/2021/texmf-dist/tex/latex/graphics/lscape.sty
Package: lscape 2020/05/28 v3.02 Landscape Pages (DPC)
)
Package pdflscape Info: Auto-detected driver: pdftex on input line 81.
) (/usr/local/texlive/2021/texmf-dist/tex/latex/caption/caption.sty
Package: caption 2020/10/26 v3.5g Customizing captions (AR)
 (/usr/local/texlive/2021/texmf-dist/tex/latex/caption/caption3.sty
Package: caption3 2020/10/21 v2.2e caption3 kernel (AR)
\captionmargin=\dimen266
\captionmargin@=\dimen267
\captionwidth=\dimen268
\caption@tempdima=\dimen269
\caption@indent=\dimen270
\caption@parindent=\dimen271
\caption@hangindent=\dimen272
Package caption Info: Standard document class detected.
)
\c@caption@flags=\count294
\c@continuedfloat=\count295
) (/usr/local/texlive/2021/texmf-dist/tex/latex/caption/subcaption.sty
Package: subcaption 2020/10/07 v1.3j Sub-captions (AR)
\c@subfigure=\count296
\c@subtable=\count297
) (/usr/local/texlive/2021/texmf-dist/tex/latex/natbib/natbib.sty
Package: natbib 2010/09/13 8.31b (PWD, AO)
\bibhang=\skip55
\bibsep=\skip56
LaTeX Info: Redefining \cite on input line 694.
\c@NAT@ctr=\count298
) (/usr/local/texlive/2021/texmf-dist/tex/latex/base/fontenc.sty
Package: fontenc 2020/08/10 v2.0s Standard LaTeX package
) (/usr/local/texlive/2021/texmf-dist/tex/latex/base/inputenc.sty
Package: inputenc 2020/08/01 v1.3d Input encoding file
\inpenc@prehook=\toks37
\inpenc@posthook=\toks38
) (/usr/local/texlive/2021/texmf-dist/tex/latex/preprint/authblk.sty
Package: authblk 2001/02/27 1.3 (PWD)
\affilsep=\skip57
\@affilsep=\skip58
\c@Maxaffil=\count299
\c@authors=\count300
\c@affil=\count301
) (/usr/local/texlive/2021/texmf-dist/tex/latex/pdfpages/pdfpages.sty
Package: pdfpages 2021/03/06 v0.5t Insert pages of external PDF documents (AM)
 (/usr/local/texlive/2021/texmf-dist/tex/latex/eso-pic/eso-pic.sty
Package: eso-pic 2020/10/14 v3.0a eso-pic (RN)
\ESO@tempdima=\dimen273
\ESO@tempdimb=\dimen274
)
\AM@pagewidth=\dimen275
\AM@pageheight=\dimen276
\AM@fboxrule=\dimen277
 (/usr/local/texlive/2021/texmf-dist/tex/latex/pdfpages/pppdftex.def
File: pppdftex.def 2021/03/06 v0.5t Pdfpages driver for pdfTeX (AM)
)
\pdfpages@includegraphics@status=\count302
\AM@pagebox=\box60
\AM@global@opts=\toks39
\AM@pagecnt=\count303
\AM@toc@title=\toks40
\c@AM@survey=\count304
\AM@templatesizebox=\box61
) (/usr/local/texlive/2021/texmf-dist/tex/latex/setspace/setspace.sty
Package: setspace 2011/12/19 v6.7a set line spacing
) (/usr/local/texlive/2021/texmf-dist/tex/latex/booktabs/booktabs.sty
Package: booktabs 2020/01/12 v1.61803398 Publication quality tables
\heavyrulewidth=\dimen278
\lightrulewidth=\dimen279
\cmidrulewidth=\dimen280
\belowrulesep=\dimen281
\belowbottomsep=\dimen282
\aboverulesep=\dimen283
\abovetopsep=\dimen284
\cmidrulesep=\dimen285
\cmidrulekern=\dimen286
\defaultaddspace=\dimen287
\@cmidla=\count305
\@cmidlb=\count306
\@aboverulesep=\dimen288
\@belowrulesep=\dimen289
\@thisruleclass=\count307
\@lastruleclass=\count308
\@thisrulewidth=\dimen290
) (/usr/local/texlive/2021/texmf-dist/tex/latex/tools/longtable.sty
Package: longtable 2020/01/07 v4.13 Multi-page Table package (DPC)
\LTleft=\skip59
\LTright=\skip60
\LTpre=\skip61
\LTpost=\skip62
\LTchunksize=\count309
\LTcapwidth=\dimen291
\LT@head=\box62
\LT@firsthead=\box63
\LT@foot=\box64
\LT@lastfoot=\box65
\LT@cols=\count310
\LT@rows=\count311
\c@LT@tables=\count312
\c@LT@chunks=\count313
\LT@p@ftn=\toks41
) (/usr/local/texlive/2021/texmf-dist/tex/latex/float/float.sty
Package: float 2001/11/08 v1.3d Float enhancements (AL)
\c@float@type=\count314
\float@exts=\toks42
\float@box=\box66
\@float@everytoks=\toks43
\@floatcapt=\box67
) (/usr/local/texlive/2021/texmf-dist/tex/latex/tcolorbox/tcolorbox.sty
Package: tcolorbox 2020/10/09 version 4.42 text color boxes
 (/usr/local/texlive/2021/texmf-dist/tex/latex/tools/verbatim.sty
Package: verbatim 2020-07-07 v1.5u LaTeX2e package for verbatim enhancements
\every@verbatim=\toks44
\verbatim@line=\toks45
\verbatim@in@stream=\read3
) (/usr/local/texlive/2021/texmf-dist/tex/latex/environ/environ.sty
Package: environ 2014/05/04 v0.3 A new way to define environments
 (/usr/local/texlive/2021/texmf-dist/tex/latex/trimspaces/trimspaces.sty
Package: trimspaces 2009/09/17 v1.1 Trim spaces around a token list
)) (/usr/local/texlive/2021/texmf-dist/tex/latex/etoolbox/etoolbox.sty
Package: etoolbox 2020/10/05 v2.5k e-TeX tools for LaTeX (JAW)
\etb@tempcnta=\count315
)
\tcb@titlebox=\box68
\tcb@upperbox=\box69
\tcb@lowerbox=\box70
\tcb@phantombox=\box71
\c@tcbbreakpart=\count316
\c@tcblayer=\count317
\c@tcolorbox@number=\count318
\tcb@temp=\box72
\tcb@temp=\box73
\tcb@temp=\box74
\tcb@temp=\box75
\tcb@out=\write4
\tcb@record@out=\write5
) (/usr/local/texlive/2021/texmf-dist/tex/latex/hyperref/hyperref.sty
Package: hyperref 2021-02-27 v7.00k Hypertext links for LaTeX
 (/usr/local/texlive/2021/texmf-dist/tex/generic/ltxcmds/ltxcmds.sty
Package: ltxcmds 2020-05-10 v1.25 LaTeX kernel commands for general use (HO)
) (/usr/local/texlive/2021/texmf-dist/tex/generic/pdftexcmds/pdftexcmds.sty
Package: pdftexcmds 2020-06-27 v0.33 Utility functions of pdfTeX for LuaTeX (HO)
 (/usr/local/texlive/2021/texmf-dist/tex/generic/infwarerr/infwarerr.sty
Package: infwarerr 2019/12/03 v1.5 Providing info/warning/error messages (HO)
)
Package pdftexcmds Info: \pdf@primitive is available.
Package pdftexcmds Info: \pdf@ifprimitive is available.
Package pdftexcmds Info: \pdfdraftmode found.
) (/usr/local/texlive/2021/texmf-dist/tex/generic/kvsetkeys/kvsetkeys.sty
Package: kvsetkeys 2019/12/15 v1.18 Key value parser (HO)
)
(/usr/local/texlive/2021/texmf-dist/tex/generic/kvdefinekeys/kvdefinekeys.sty
Package: kvdefinekeys 2019-12-19 v1.6 Define keys (HO)
) (/usr/local/texlive/2021/texmf-dist/tex/generic/pdfescape/pdfescape.sty
Package: pdfescape 2019/12/09 v1.15 Implements pdfTeX's escape features (HO)
) (/usr/local/texlive/2021/texmf-dist/tex/latex/hycolor/hycolor.sty
Package: hycolor 2020-01-27 v1.10 Color options for hyperref/bookmark (HO)
) (/usr/local/texlive/2021/texmf-dist/tex/latex/letltxmacro/letltxmacro.sty
Package: letltxmacro 2019/12/03 v1.6 Let assignment for LaTeX macros (HO)
) (/usr/local/texlive/2021/texmf-dist/tex/latex/auxhook/auxhook.sty
Package: auxhook 2019-12-17 v1.6 Hooks for auxiliary files (HO)
) (/usr/local/texlive/2021/texmf-dist/tex/latex/kvoptions/kvoptions.sty
Package: kvoptions 2020-10-07 v3.14 Key value format for package options (HO)
)
\@linkdim=\dimen292
\Hy@linkcounter=\count319
\Hy@pagecounter=\count320
 (/usr/local/texlive/2021/texmf-dist/tex/latex/hyperref/pd1enc.def
File: pd1enc.def 2021-02-27 v7.00k Hyperref: PDFDocEncoding definition (HO)
Now handling font encoding PD1 ...
... no UTF-8 mapping file for font encoding PD1
) (/usr/local/texlive/2021/texmf-dist/tex/latex/hyperref/hyperref-langpatches.def
File: hyperref-langpatches.def 2021-02-27 v7.00k Hyperref: patches for babel languages
) (/usr/local/texlive/2021/texmf-dist/tex/generic/intcalc/intcalc.sty
Package: intcalc 2019/12/15 v1.3 Expandable calculations with integers (HO)
) (/usr/local/texlive/2021/texmf-dist/tex/generic/etexcmds/etexcmds.sty
Package: etexcmds 2019/12/15 v1.7 Avoid name clashes with e-TeX commands (HO)
)
\Hy@SavedSpaceFactor=\count321
 (/usr/local/texlive/2021/texmf-dist/tex/latex/hyperref/puenc.def
File: puenc.def 2021-02-27 v7.00k Hyperref: PDF Unicode definition (HO)
Now handling font encoding PU ...
... no UTF-8 mapping file for font encoding PU
)
Package hyperref Info: Option `colorlinks' set `true' on input line 4073.
Package hyperref Info: Hyper figures OFF on input line 4192.
Package hyperref Info: Link nesting OFF on input line 4197.
Package hyperref Info: Hyper index ON on input line 4200.
Package hyperref Info: Plain pages OFF on input line 4207.
Package hyperref Info: Backreferencing OFF on input line 4212.
Package hyperref Info: Implicit mode ON; LaTeX internals redefined.
Package hyperref Info: Bookmarks ON on input line 4445.
\c@Hy@tempcnt=\count322
 (/usr/local/texlive/2021/texmf-dist/tex/latex/url/url.sty
\Urlmuskip=\muskip17
Package: url 2013/09/16  ver 3.4  Verb mode for urls, etc.
)
LaTeX Info: Redefining \url on input line 4804.
\XeTeXLinkMargin=\dimen293
 (/usr/local/texlive/2021/texmf-dist/tex/generic/bitset/bitset.sty
Package: bitset 2019/12/09 v1.3 Handle bit-vector datatype (HO)
 (/usr/local/texlive/2021/texmf-dist/tex/generic/bigintcalc/bigintcalc.sty
Package: bigintcalc 2019/12/15 v1.5 Expandable calculations on big integers (HO)
))
\Fld@menulength=\count323
\Field@Width=\dimen294
\Fld@charsize=\dimen295
Package hyperref Info: Hyper figures OFF on input line 6075.
Package hyperref Info: Link nesting OFF on input line 6080.
Package hyperref Info: Hyper index ON on input line 6083.
Package hyperref Info: backreferencing OFF on input line 6090.
Package hyperref Info: Link coloring ON on input line 6093.
Package hyperref Info: Link coloring with OCG OFF on input line 6100.
Package hyperref Info: PDF/A mode OFF on input line 6105.
LaTeX Info: Redefining \ref on input line 6145.
LaTeX Info: Redefining \pageref on input line 6149.
 (/usr/local/texlive/2021/texmf-dist/tex/latex/base/atbegshi-ltx.sty
Package: atbegshi-ltx 2020/08/17 v1.0a Emulation of the original atbegshi package
with kernel methods
)
\Hy@abspage=\count324
\c@Item=\count325
\c@Hfootnote=\count326
)
Package hyperref Info: Driver (autodetected): hpdftex.
 (/usr/local/texlive/2021/texmf-dist/tex/latex/hyperref/hpdftex.def
File: hpdftex.def 2021-02-27 v7.00k Hyperref driver for pdfTeX
 (/usr/local/texlive/2021/texmf-dist/tex/latex/base/atveryend-ltx.sty
Package: atveryend-ltx 2020/08/19 v1.0a Emulation of the original atvery package
with kernel methods
)
\Fld@listcount=\count327
\c@bookmark@seq@number=\count328
 (/usr/local/texlive/2021/texmf-dist/tex/latex/rerunfilecheck/rerunfilecheck.sty
Package: rerunfilecheck 2019/12/05 v1.9 Rerun checks for auxiliary files (HO)
 (/usr/local/texlive/2021/texmf-dist/tex/generic/uniquecounter/uniquecounter.sty
Package: uniquecounter 2019/12/15 v1.4 Provide unlimited unique counter (HO)
)
Package uniquecounter Info: New unique counter `rerunfilecheck' on input line 286.
)
\Hy@SectionHShift=\skip63
) (/usr/local/texlive/2021/texmf-dist/tex/latex/l3backend/l3backend-pdftex.def
File: l3backend-pdftex.def 2021-03-18 L3 backend support: PDF output (pdfTeX)
\l__color_backend_stack_int=\count329
\l__pdf_internal_box=\box76
) (/Users/mlt216/Dropbox/Github/SPFFinalReport/Report/.texpadtmp/report.aux)
\openout1 = `report.aux'.

LaTeX Font Info:    Checking defaults for OML/cmm/m/it on input line 66.
LaTeX Font Info:    ... okay on input line 66.
LaTeX Font Info:    Checking defaults for OMS/cmsy/m/n on input line 66.
LaTeX Font Info:    ... okay on input line 66.
LaTeX Font Info:    Checking defaults for OT1/cmr/m/n on input line 66.
LaTeX Font Info:    ... okay on input line 66.
LaTeX Font Info:    Checking defaults for T1/cmr/m/n on input line 66.
LaTeX Font Info:    ... okay on input line 66.
LaTeX Font Info:    Checking defaults for TS1/cmr/m/n on input line 66.
LaTeX Font Info:    ... okay on input line 66.
LaTeX Font Info:    Checking defaults for OMX/cmex/m/n on input line 66.
LaTeX Font Info:    ... okay on input line 66.
LaTeX Font Info:    Checking defaults for U/cmr/m/n on input line 66.
LaTeX Font Info:    ... okay on input line 66.
LaTeX Font Info:    Checking defaults for PD1/pdf/m/n on input line 66.
LaTeX Font Info:    ... okay on input line 66.
LaTeX Font Info:    Checking defaults for PU/pdf/m/n on input line 66.
LaTeX Font Info:    ... okay on input line 66.

*geometry* driver: auto-detecting
*geometry* detected driver: pdftex
*geometry* verbose mode - [ preamble ] result:
* driver: pdftex
* paper: <default>
* layout: <same size as paper>
* layoutoffset:(h,v)=(0.0pt,0.0pt)
* modes: 
* h-part:(L,W,R)=(85.35826pt, 443.57848pt, 85.35826pt)
* v-part:(T,H,B)=(85.35826pt, 624.25346pt, 85.35826pt)
* \paperwidth=614.295pt
* \paperheight=794.96999pt
* \textwidth=443.57848pt
* \textheight=624.25346pt
* \oddsidemargin=13.08827pt
* \evensidemargin=13.08827pt
* \topmargin=-23.91173pt
* \headheight=12.0pt
* \headsep=25.0pt
* \topskip=10.0pt
* \footskip=30.0pt
* \marginparwidth=65.0pt
* \marginparsep=11.0pt
* \columnsep=10.0pt
* \skip\footins=9.0pt plus 4.0pt minus 2.0pt
* \hoffset=0.0pt
* \voffset=0.0pt
* \mag=1000
* \@twocolumnfalse
* \@twosidefalse
* \@mparswitchfalse
* \@reversemarginfalse
* (1in=72.27pt=25.4mm, 1cm=28.453pt)

(/usr/local/texlive/2021/texmf-dist/tex/context/base/mkii/supp-pdf.mkii
[Loading MPS to PDF converter (version 2006.09.02).]
\scratchcounter=\count330
\scratchdimen=\dimen296
\scratchbox=\box77
\nofMPsegments=\count331
\nofMParguments=\count332
\everyMPshowfont=\toks46
\MPscratchCnt=\count333
\MPscratchDim=\dimen297
\MPnumerator=\count334
\makeMPintoPDFobject=\count335
\everyMPtoPDFconversion=\toks47
) (/usr/local/texlive/2021/texmf-dist/tex/latex/epstopdf-pkg/epstopdf-base.sty
Package: epstopdf-base 2020-01-24 v2.11 Base part for package epstopdf
Package epstopdf-base Info: Redefining graphics rule for `.eps' on input line 485.
 (/usr/local/texlive/2021/texmf-dist/tex/latex/latexconfig/epstopdf-sys.cfg
File: epstopdf-sys.cfg 2010/07/13 v1.3 Configuration of (r)epstopdf for TeX Live
))
Package caption Info: Begin \AtBeginDocument code.
Package caption Info: float package is loaded.
Package caption Info: hyperref package is loaded.
Package caption Info: longtable package is loaded.
 (/usr/local/texlive/2021/texmf-dist/tex/latex/caption/ltcaption.sty
Package: ltcaption 2020/05/30 v1.4b longtable captions (AR)
)
Package caption Info: End \AtBeginDocument code.
Package hyperref Info: Link coloring ON on input line 66.
 (/usr/local/texlive/2021/texmf-dist/tex/latex/hyperref/nameref.sty
Package: nameref 2021-04-02 v2.47 Cross-referencing by name of section
 (/usr/local/texlive/2021/texmf-dist/tex/latex/refcount/refcount.sty
Package: refcount 2019/12/15 v3.6 Data extraction from label references (HO)
) (/usr/local/texlive/2021/texmf-dist/tex/generic/gettitlestring/gettitlestring.sty
Package: gettitlestring 2019/12/15 v1.6 Cleanup title references (HO)
)
\c@section@level=\count336
)
LaTeX Info: Redefining \ref on input line 66.
LaTeX Info: Redefining \pageref on input line 66.
LaTeX Info: Redefining \nameref on input line 66.
 (/Users/mlt216/Dropbox/Github/SPFFinalReport/Report/.texpadtmp/report.out) (/Users/mlt216/Dropbox/Github/SPFFinalReport/Report/.texpadtmp/report.out)
\@outlinefile=\write6
\openout6 = `report.out'.

LaTeX Font Info:    Trying to load font information for U+msa on input line 69.
 (/usr/local/texlive/2021/texmf-dist/tex/latex/amsfonts/umsa.fd
File: umsa.fd 2013/01/14 v3.01 AMS symbols A
)
LaTeX Font Info:    Trying to load font information for U+msb on input line 69.
 (/usr/local/texlive/2021/texmf-dist/tex/latex/amsfonts/umsb.fd
File: umsb.fd 2013/01/14 v3.01 AMS symbols B
) [1

{/usr/local/texlive/2021/texmf-var/fonts/map/pdftex/updmap/pdftex.map}]
Underfull \hbox (badness 10000) in paragraph at lines 81--82

 []


Underfull \hbox (badness 10000) in paragraph at lines 83--84

 []


Underfull \hbox (badness 10000) in paragraph at lines 85--86

 []


Underfull \hbox (badness 10000) in paragraph at lines 87--88

 []

[2]
Underfull \hbox (badness 10000) in paragraph at lines 90--91

 []

[3] (/Users/mlt216/Dropbox/Github/SPFFinalReport/Report/.texpadtmp/report.toc)
\tf@toc=\write7
\openout7 = `report.toc'.

 [4] (/Users/mlt216/Dropbox/Github/SPFFinalReport/Report/.texpadtmp/report.lof
Overfull \hbox (28.223pt too wide) in paragraph at lines 9--9
 \T1/cmr/m/n/10 (https://covid.view.urbanobservatory.ac.uk/output/plot-summary-of-traffic-volumes-no10.html)[][] [][]  
 []

[5]
Overfull \hbox (5.82838pt too wide) in paragraph at lines 16--16
 [][] [][][]\T1/cmr/m/n/10 Predictive dis-tri-bu-tion of the per-sonal ex-po-sures to PM$[]$ by micro-environments (`home', 
 []

[6] [7])
\tf@lof=\write8
\openout8 = `report.lof'.

 [8] (/Users/mlt216/Dropbox/Github/SPFFinalReport/Report/.texpadtmp/report.lot)
\tf@lot=\write9
\openout9 = `report.lot'.

 [9]
Underfull \hbox (badness 10000) in paragraph at lines 123--124

 []


Underfull \hbox (badness 10000) in paragraph at lines 125--126

 []


Underfull \hbox (badness 10000) in paragraph at lines 127--128

 []

[10

]
Underfull \hbox (badness 10000) in paragraph at lines 137--138

 []

[11]
Underfull \hbox (badness 10000) in paragraph at lines 161--162

 []


Underfull \hbox (badness 10000) in paragraph at lines 163--164

 []

[12

] [13]
Underfull \hbox (badness 10000) in paragraph at lines 175--176

 []

<Figures/FlowChart3.png, id=446, 1610.015pt x 665.48625pt>
File: Figures/FlowChart3.png Graphic file (type png)
<use Figures/FlowChart3.png>
Package pdftex.def Info: Figures/FlowChart3.png  used on input line 179.
(pdftex.def)             Requested size: 443.57848pt x 183.34946pt.
[14

 <./Figures/FlowChart3.png>]
Overfull \hbox (4.29607pt too wide) in paragraph at lines 190--191
[]\T1/cmr/bx/n/10 Estimate per-sonal ex-po-sures \T1/cmr/m/n/10 The time each in-di-vid-ual spends in a se-ries of micro-environments
 []

[15]
Underfull \hbox (badness 10000) in paragraph at lines 202--203

 []


Underfull \hbox (badness 10000) in paragraph at lines 204--205

 []


Underfull \hbox (badness 10000) in paragraph at lines 206--207

 []

<Figures/SPENSER-England.png, id=484, 757.83125pt x 804.00375pt>
File: Figures/SPENSER-England.png Graphic file (type png)
<use Figures/SPENSER-England.png>
Package pdftex.def Info: Figures/SPENSER-England.png  used on input line 210.
(pdftex.def)             Requested size: 341.43306pt x 362.24pt.

Underfull \hbox (badness 10000) in paragraph at lines 214--215

 []

[16

]
Underfull \hbox (badness 10000) in paragraph at lines 216--217

 []

[17 <./Figures/SPENSER-England.png>]
Underfull \hbox (badness 10000) in paragraph at lines 256--257

 []


Underfull \hbox (badness 10000) in paragraph at lines 258--259

 []

[18] [19]
Underfull \hbox (badness 10000) in paragraph at lines 269--270

 []


Underfull \hbox (badness 10000) in paragraph at lines 271--272

 []


Underfull \hbox (badness 10000) in paragraph at lines 273--274

 []

[20

]
Underfull \hbox (badness 10000) in paragraph at lines 275--276

 []

<Figures/TimeUseExamples.pdf, id=539, 722.7pt x 361.35pt>
File: Figures/TimeUseExamples.pdf Graphic file (type pdf)
<use Figures/TimeUseExamples.pdf>
Package pdftex.def Info: Figures/TimeUseExamples.pdf  used on input line 279.
(pdftex.def)             Requested size: 443.57848pt x 221.79059pt.
<Figures/TimeUse_AgeGr_DayType.pdf, id=540, 1011.78pt x 505.89pt>
File: Figures/TimeUse_AgeGr_DayType.pdf Graphic file (type pdf)
<use Figures/TimeUse_AgeGr_DayType.pdf>
Package pdftex.def Info: Figures/TimeUse_AgeGr_DayType.pdf  used on input line 285.
(pdftex.def)             Requested size: 421.3982pt x 210.70464pt.
[21 <./Figures/TimeUseExamples.pdf>] [22 <./Figures/TimeUse_AgeGr_DayType.pdf>] [23] [24]
Underfull \hbox (badness 10000) in paragraph at lines 392--393

 []


Underfull \hbox (badness 10000) in paragraph at lines 394--395

 []

[25


] [26

] [27

]
Underfull \hbox (badness 10000) in paragraph at lines 440--442

 []


Underfull \hbox (badness 10000) in paragraph at lines 443--444

 []


Underfull \hbox (badness 10000) in paragraph at lines 445--446

 []

[28

]
Underfull \hbox (badness 10000) in paragraph at lines 447--448

 []

[29] [30

] [31

]
Underfull \hbox (badness 10000) in paragraph at lines 476--477

 []


Underfull \hbox (badness 10000) in paragraph at lines 478--479

 []


Underfull \hbox (badness 10000) in paragraph at lines 480--481

 []


Underfull \hbox (badness 10000) in paragraph at lines 482--483

 []

[32

]
Underfull \hbox (badness 10000) in paragraph at lines 484--485

 []

<Figures/QUANT_DIMEX.png, id=649, 452.4102pt x 198.5016pt>
File: Figures/QUANT_DIMEX.png Graphic file (type png)
<use Figures/QUANT_DIMEX.png>
Package pdftex.def Info: Figures/QUANT_DIMEX.png  used on input line 488.
(pdftex.def)             Requested size: 421.3982pt x 184.89534pt.
[33 <./Figures/QUANT_DIMEX.png>] [34]
Underfull \hbox (badness 10000) in paragraph at lines 506--507

 []

<Figures/profilespm25.png, id=660, 852.786pt x 369.0588pt>
File: Figures/profilespm25.png Graphic file (type png)
<use Figures/profilespm25.png>
Package pdftex.def Info: Figures/profilespm25.png  used on input line 510.
(pdftex.def)             Requested size: 421.3982pt x 182.36649pt.

Underfull \hbox (badness 10000) in paragraph at lines 514--515

 []

[35

 <./Figures/profilespm25.png>]
Underfull \hbox (badness 10000) in paragraph at lines 516--517

 []

<Figures/levvy_aurn.png, id=667, 508.7808pt x 219.7008pt>
File: Figures/levvy_aurn.png Graphic file (type png)
<use Figures/levvy_aurn.png>
Package pdftex.def Info: Figures/levvy_aurn.png  used on input line 522.
(pdftex.def)             Requested size: 421.3982pt x 181.97615pt.
[36 <./Figures/levvy_aurn.png>]
Underfull \hbox (badness 10000) in paragraph at lines 534--536

 []

<Figures/routing_requests.png, id=674, 880.28876pt x 375.4025pt>
File: Figures/routing_requests.png Graphic file (type png)
<use Figures/routing_requests.png>
Package pdftex.def Info: Figures/routing_requests.png  used on input line 539.
(pdftex.def)             Requested size: 421.3982pt x 179.70425pt.

Underfull \hbox (badness 10000) in paragraph at lines 544--545

 []

[37

 <./Figures/routing_requests.png>]
<Figures/routing_newcastle.png, id=683, 900.36375pt x 432.61626pt>
File: Figures/routing_newcastle.png Graphic file (type png)
<use Figures/routing_newcastle.png>
Package pdftex.def Info: Figures/routing_newcastle.png  used on input line 548.
(pdftex.def)             Requested size: 421.3982pt x 202.47812pt.

Underfull \hbox (badness 2913) in paragraph at lines 550--550
[]\T1/cmr/m/n/10 Figure 9: |Traf-fic vol-umes from 694 mon-i-tor-ing sites across Tyne and Wear, Hull and
 []


Underfull \hbox (badness 10000) in paragraph at lines 553--554

 []

<Figures/mobility_school.png, id=686, 903.375pt x 334.24875pt>
File: Figures/mobility_school.png Graphic file (type png)
<use Figures/mobility_school.png>
Package pdftex.def Info: Figures/mobility_school.png  used on input line 557.
(pdftex.def)             Requested size: 421.3982pt x 155.91878pt.
<Figures/mobility_school2.png, id=687, 893.3375pt x 333.245pt>
File: Figures/mobility_school2.png Graphic file (type png)
<use Figures/mobility_school2.png>
Package pdftex.def Info: Figures/mobility_school2.png  used on input line 563.
(pdftex.def)             Requested size: 421.3982pt x 157.19467pt.

Underfull \hbox (badness 10000) in paragraph at lines 567--568

 []

[38 <./Figures/routing_newcastle.png>] [39 <./Figures/mobility_school.png> <./Figures/mobility_school2.png>]
Underfull \hbox (badness 10000) in paragraph at lines 577--578

 []

<Figures/manchester-i-1.png, id=699, 452.4102pt x 291.0072pt>
File: Figures/manchester-i-1.png Graphic file (type png)
<use Figures/manchester-i-1.png>
Package pdftex.def Info: Figures/manchester-i-1.png  used on input line 583.
(pdftex.def)             Requested size: 421.3982pt x 271.06017pt.
[40

 <./Figures/manchester-i-1.png>]
Underfull \hbox (badness 10000) in paragraph at lines 595--596

 []

<Figures/EMEP.png, id=709, 967.4544pt x 391.2216pt>
File: Figures/EMEP.png Graphic file (type png)
<use Figures/EMEP.png>
Package pdftex.def Info: Figures/EMEP.png  used on input line 601.
(pdftex.def)             Requested size: 421.3982pt x 170.40686pt.
[41

 <./Figures/EMEP.png>]
Underfull \hbox (badness 10000) in paragraph at lines 615--616

 []

<Figures/Devon_GGMAP.png, id=719, 1872.9975pt x 1204.5pt>
File: Figures/Devon_GGMAP.png Graphic file (type png)
<use Figures/Devon_GGMAP.png>
Package pdftex.def Info: Figures/Devon_GGMAP.png  used on input line 619.
(pdftex.def)             Requested size: 399.21791pt x 256.7202pt.
<Figures/PM25_20190501.png, id=720, 2007.5pt x 1304.875pt>
File: Figures/PM25_20190501.png Graphic file (type png)
<use Figures/PM25_20190501.png>
Package pdftex.def Info: Figures/PM25_20190501.png  used on input line 624.
(pdftex.def)             Requested size: 399.21791pt x 259.47707pt.

Underfull \hbox (badness 10000) in paragraph at lines 629--630

 []

[42

 <./Figures/Devon_GGMAP.png>]
Underfull \hbox (badness 10000) in paragraph at lines 631--632

 []


Underfull \hbox (badness 10000) in paragraph at lines 633--634

 []

[43 <./Figures/PM25_20190501.png>]
Underfull \hbox (badness 10000) in paragraph at lines 635--636

 []

<Figures/plot_ME.jpeg, id=741, 451.6875pt x 225.84375pt>
File: Figures/plot_ME.jpeg Graphic file (type jpg)
<use Figures/plot_ME.jpeg>
Package pdftex.def Info: Figures/plot_ME.jpeg  used on input line 639.
(pdftex.def)             Requested size: 443.57848pt x 221.8009pt.
<Figures/plot_hour.jpeg, id=742, 451.6875pt x 225.84375pt>
File: Figures/plot_hour.jpeg Graphic file (type jpg)
<use Figures/plot_hour.jpeg>
Package pdftex.def Info: Figures/plot_hour.jpeg  used on input line 645.
(pdftex.def)             Requested size: 443.57848pt x 221.8009pt.
<Figures/plot_ambient.jpeg, id=743, 451.6875pt x 225.84375pt>
File: Figures/plot_ambient.jpeg Graphic file (type jpg)
<use Figures/plot_ambient.jpeg>
Package pdftex.def Info: Figures/plot_ambient.jpeg  used on input line 651.
(pdftex.def)             Requested size: 443.57848pt x 221.8009pt.

Underfull \hbox (badness 10000) in paragraph at lines 656--657

 []

[44 <./Figures/plot_ME.jpeg>] [45 <./Figures/plot_hour.jpeg> <./Figures/plot_ambient.jpeg>] [46]
Underfull \hbox (badness 10000) in paragraph at lines 694--695

 []


Underfull \hbox (badness 10000) in paragraph at lines 696--697

 []


Package natbib Warning: Citation `Torfs2008' on page 47 undefined on input line 698.


Underfull \hbox (badness 10000) in paragraph at lines 698--699

 []


Underfull \hbox (badness 10000) in paragraph at lines 700--701

 []

[47

]
Underfull \hbox (badness 10000) in paragraph at lines 702--703

 []

<Figures/Manchester_GGMAP.png, id=816, 1872.9975pt x 1204.5pt>
File: Figures/Manchester_GGMAP.png Graphic file (type png)
<use Figures/Manchester_GGMAP.png>
Package pdftex.def Info: Figures/Manchester_GGMAP.png  used on input line 706.
(pdftex.def)             Requested size: 421.3982pt x 270.98242pt.

Underfull \hbox (badness 10000) in paragraph at lines 710--711

 []

<Figures/TimeUse_AgeGr_sex.pdf, id=818, 1011.78pt x 505.89pt>
File: Figures/TimeUse_AgeGr_sex.pdf Graphic file (type pdf)
<use Figures/TimeUse_AgeGr_sex.pdf>
Package pdftex.def Info: Figures/TimeUse_AgeGr_sex.pdf  used on input line 714.
(pdftex.def)             Requested size: 421.3982pt x 210.70464pt.

Underfull \hbox (badness 10000) in paragraph at lines 725--726

 []

[48] [49 <./Figures/Manchester_GGMAP.png> <./Figures/TimeUse_AgeGr_sex.pdf>]
Underfull \hbox (badness 10000) in paragraph at lines 727--728

 []

<Figures/Fig3b.pdf, id=839, 722.7pt x 289.08pt>
File: Figures/Fig3b.pdf Graphic file (type pdf)
<use Figures/Fig3b.pdf>
Package pdftex.def Info: Figures/Fig3b.pdf  used on input line 731.
(pdftex.def)             Requested size: 421.3982pt x 168.55753pt.

Underfull \hbox (badness 10000) in paragraph at lines 735--736

 []


Underfull \hbox (badness 10000) in paragraph at lines 756--757

 []

[50 <./Figures/Fig3b.pdf>]
Underfull \hbox (badness 10000) in paragraph at lines 760--761

 []

[51]
<Figures/Fig1a.pdf, id=868, 1011.78pt x 505.89pt>
File: Figures/Fig1a.pdf Graphic file (type pdf)
<use Figures/Fig1a.pdf>
Package pdftex.def Info: Figures/Fig1a.pdf  used on input line 768.
(pdftex.def)             Requested size: 443.57848pt x 221.78947pt.
<Figures/Fig1b.pdf, id=869, 1011.78pt x 505.89pt>
File: Figures/Fig1b.pdf Graphic file (type pdf)
<use Figures/Fig1b.pdf>
Package pdftex.def Info: Figures/Fig1b.pdf  used on input line 774.
(pdftex.def)             Requested size: 443.57848pt x 221.78947pt.
<Figures/Fig2a.pdf, id=870, 722.7pt x 505.89pt>
File: Figures/Fig2a.pdf Graphic file (type pdf)
<use Figures/Fig2a.pdf>
Package pdftex.def Info: Figures/Fig2a.pdf  used on input line 780.
(pdftex.def)             Requested size: 377.0444pt x 263.92886pt.
<Figures/Fig2a_diff.pdf, id=871, 722.7pt x 505.89pt>
File: Figures/Fig2a_diff.pdf Graphic file (type pdf)
<use Figures/Fig2a_diff.pdf>
Package pdftex.def Info: Figures/Fig2a_diff.pdf  used on input line 785.
(pdftex.def)             Requested size: 377.0444pt x 263.92886pt.
<Figures/Fig2b.pdf, id=872, 722.7pt x 505.89pt>
File: Figures/Fig2b.pdf Graphic file (type pdf)
<use Figures/Fig2b.pdf>
Package pdftex.def Info: Figures/Fig2b.pdf  used on input line 791.
(pdftex.def)             Requested size: 377.0444pt x 263.92886pt.
<Figures/Fig2b_diff.pdf, id=873, 722.7pt x 505.89pt>
File: Figures/Fig2b_diff.pdf Graphic file (type pdf)
<use Figures/Fig2b_diff.pdf>
Package pdftex.def Info: Figures/Fig2b_diff.pdf  used on input line 797.
(pdftex.def)             Requested size: 377.0444pt x 263.92886pt.
<Figures/Fig4a_AgeGr_Sex.pdf, id=874, 722.7pt x 505.89pt>
File: Figures/Fig4a_AgeGr_Sex.pdf Graphic file (type pdf)
<use Figures/Fig4a_AgeGr_Sex.pdf>
Package pdftex.def Info: Figures/Fig4a_AgeGr_Sex.pdf  used on input line 803.
(pdftex.def)             Requested size: 319.37703pt x 223.5649pt.
<Figures/Fig4a_nssec5.pdf, id=875, 722.7pt x 505.89pt>
File: Figures/Fig4a_nssec5.pdf Graphic file (type pdf)
<use Figures/Fig4a_nssec5.pdf>
Package pdftex.def Info: Figures/Fig4a_nssec5.pdf  used on input line 810.
(pdftex.def)             Requested size: 319.37703pt x 223.5649pt.
<Figures/Fig4b_AgeGr_Sex.pdf, id=876, 722.7pt x 505.89pt>
File: Figures/Fig4b_AgeGr_Sex.pdf Graphic file (type pdf)
<use Figures/Fig4b_AgeGr_Sex.pdf>
Package pdftex.def Info: Figures/Fig4b_AgeGr_Sex.pdf  used on input line 816.
(pdftex.def)             Requested size: 319.37703pt x 223.5649pt.
<Figures/Fig4b_nssec5.pdf, id=877, 722.7pt x 505.89pt>
File: Figures/Fig4b_nssec5.pdf Graphic file (type pdf)
<use Figures/Fig4b_nssec5.pdf>
Package pdftex.def Info: Figures/Fig4b_nssec5.pdf  used on input line 822.
(pdftex.def)             Requested size: 319.37703pt x 223.5649pt.
<Figures/Fig5b_AgeGr_Sex.pdf, id=878, 722.7pt x 505.89pt>
File: Figures/Fig5b_AgeGr_Sex.pdf Graphic file (type pdf)
<use Figures/Fig5b_AgeGr_Sex.pdf>
Package pdftex.def Info: Figures/Fig5b_AgeGr_Sex.pdf  used on input line 828.
(pdftex.def)             Requested size: 399.21791pt x 279.45227pt.
 [52 <./Figures/Fig1a.pdf> <./Figures/Fig1b.pdf>] [53 <./Figures/Fig2a.pdf> <./Figures/Fig2a_diff.pdf>] [54 <./Figures/Fig2b.pdf> <./Figures/Fig2b_diff.pdf>] [55 <./Figures/Fig4a_AgeGr_Sex.pdf> <./Figures/Fig4a_nssec5.pdf>] [56 <./Figures/Fig4b_AgeGr_Sex.pdf> <./Figures/Fig4b_nssec5.pdf>] [57 <./Figures/Fig5b_AgeGr_Sex.pdf>]
Underfull \hbox (badness 10000) in paragraph at lines 844--845

 []

[58

]
Underfull \hbox (badness 10000) in paragraph at lines 856--857

 []


Underfull \hbox (badness 10000) in paragraph at lines 858--859

 []

<Figures/poleno_firs.width-800.png, id=996, 803.0pt x 286.06876pt>
File: Figures/poleno_firs.width-800.png Graphic file (type png)
<use Figures/poleno_firs.width-800.png>
Package pdftex.def Info: Figures/poleno_firs.width-800.png  used on input line 862.
(pdftex.def)             Requested size: 421.3982pt x 150.12723pt.
[59

 <./Figures/poleno_firs.width-800.png>] [60]
Underfull \hbox (badness 10000) in paragraph at lines 876--877

 []


Underfull \hbox (badness 10000) in paragraph at lines 878--879

 []


Underfull \hbox (badness 10000) in paragraph at lines 880--881

 []


Underfull \hbox (badness 10000) in paragraph at lines 882--883

 []

[61

]
<Figures/NO2_raw_v_weathernorm.png, id=1012, 1321.0956pt x 346.1733pt>
File: Figures/NO2_raw_v_weathernorm.png Graphic file (type png)
<use Figures/NO2_raw_v_weathernorm.png>
Package pdftex.def Info: Figures/NO2_raw_v_weathernorm.png  used on input line 887.
(pdftex.def)             Requested size: 421.3982pt x 110.41852pt.

Underfull \hbox (badness 10000) in paragraph at lines 891--892

 []

<Figures/NO2_raw_v_weathernorm_zoom.png, id=1014, 1321.0956pt x 346.1733pt>
File: Figures/NO2_raw_v_weathernorm_zoom.png Graphic file (type png)
<use Figures/NO2_raw_v_weathernorm_zoom.png>
Package pdftex.def Info: Figures/NO2_raw_v_weathernorm_zoom.png  used on input line 895.
(pdftex.def)             Requested size: 421.3982pt x 110.41852pt.

Underfull \hbox (badness 10000) in paragraph at lines 899--900

 []

<Figures/forecast_1month.png, id=1016, 722.7pt x 433.62pt>
File: Figures/forecast_1month.png Graphic file (type png)
<use Figures/forecast_1month.png>
Package pdftex.def Info: Figures/forecast_1month.png  used on input line 903.
(pdftex.def)             Requested size: 421.3982pt x 252.8363pt.

Underfull \hbox (badness 10000) in paragraph at lines 907--908

 []

[62 <./Figures/NO2_raw_v_weathernorm.png>] [63 <./Figures/NO2_raw_v_weathernorm_zoom.png> <./Figures/forecast_1month.png>]
<Figures/components.png, id=1029, 1136.8071pt x 711.8595pt>
File: Figures/components.png Graphic file (type png)
<use Figures/components.png>
Package pdftex.def Info: Figures/components.png  used on input line 911.
(pdftex.def)             Requested size: 421.3982pt x 263.87268pt.
 [64 <./Figures/components.png>]
Underfull \hbox (badness 10000) in paragraph at lines 925--926

 []


Underfull \hbox (badness 10000) in paragraph at lines 927--928

 []


Underfull \hbox (badness 10000) in paragraph at lines 929--930

 []


Underfull \hbox (badness 10000) in paragraph at lines 931--932

 []

[65

]
Underfull \hbox (badness 10000) in paragraph at lines 933--934

 []

<Figures/SPC_Schema.png, id=1066, 1344.222pt x 715.473pt>
File: Figures/SPC_Schema.png Graphic file (type png)
<use Figures/SPC_Schema.png>
Package pdftex.def Info: Figures/SPC_Schema.png  used on input line 938.
(pdftex.def)             Requested size: 443.57848pt x 236.0959pt.

Underfull \hbox (badness 10000) in paragraph at lines 944--945

 []

[66 <./Figures/SPC_Schema.png (PNG copy)>] [67] (/Users/mlt216/Dropbox/Github/SPFFinalReport/Report/.texpadtmp/report.bbl
LaTeX Font Info:    Trying to load font information for T1+cmtt on input line 10.
 (/usr/local/texlive/2021/texmf-dist/tex/latex/base/t1cmtt.fd
File: t1cmtt.fd 2019/12/16 v2.5j Standard LaTeX font definitions
)
Underfull \hbox (badness 10000) in paragraph at lines 7--11
[]\T1/cmr/m/n/10 Alan Tur-ing In-si-tute.  Syn-thetic pop-u-la-tion es-ti-ma-tion and sce-nario pro-jec-
 []


Underfull \hbox (badness 10000) in paragraph at lines 7--11
\T1/cmr/m/n/10 tion, 2020.  URL [][]$\T1/cmtt/m/n/10 https : / / www . turing . ac . uk / research / research-[]projects /
 []


Underfull \hbox (badness 1655) in paragraph at lines 13--20
[]\T1/cmr/m/n/10 An, L.  2012.  Mod-el-ing hu-man de-ci-sions in cou-pled hu-man and nat-u-ral sys-tems: Re-
 []


Underfull \hbox (badness 5893) in paragraph at lines 13--20
\T1/cmr/m/n/10 view of agent-based mod-els.  \T1/cmr/m/it/10 Eco-log-i-cal Mod-elling\T1/cmr/m/n/10 , \T1/cmr/bx/n/10 229\T1/cmr/m/n/10 , 25--36.  ISSN 0304-3800.
 []


Underfull \hbox (badness 10000) in paragraph at lines 69--74
\T1/cmtt/m/n/10 system / uploads / attachment _ data / file / 690846 / CMO _ Annual _ Report _ 2017 _ Health _ Impacts _
 []

[68] [69]
Underfull \hbox (badness 1748) in paragraph at lines 213--219
[]\T1/cmr/m/n/10 M. Lovelace, R., Du-mont.  2016.  Spa-tial mi-crosim-u-la-tion with r.  \T1/cmr/m/it/10 Jour-nal of Sta-tis-ti-
 []


Underfull \hbox (badness 1221) in paragraph at lines 213--219
\T1/cmr/m/it/10 cal Soft-ware\T1/cmr/m/n/10 , \T1/cmr/bx/n/10 72\T1/cmr/m/n/10 .  URL [][]$\T1/cmtt/m/n/10 https : / / spatial-[]microsim-[]book . robinlovelace . net / index . html$[][]\T1/cmr/m/n/10 .
 []


Underfull \hbox (badness 3407) in paragraph at lines 257--261
[]\T1/cmr/m/n/10 Office of Na-tional Statis-tics.  Dataset: Adult smok-ing habits in Great Britain, 2020.
 []


Underfull \hbox (badness 10000) in paragraph at lines 257--261
\T1/cmr/m/n/10 URL [][]$\T1/cmtt/m/n/10 https : / / www . ons . gov . uk / peoplepopulationandcommunity / healthandsocialcare /
 []

[70]
Underfull \hbox (badness 10000) in paragraph at lines 305--309
[]\T1/cmr/m/n/10 Royale Col-lege of Physi-cians.  Ev-ery breath we take: The life-long im-pact of
 []


Underfull \hbox (badness 10000) in paragraph at lines 305--309
\T1/cmr/m/n/10 air pol-lu-tion, 2016.  URL [][]$\T1/cmtt/m/n/10 https : / / www . rcplondon . ac . uk / projects / outputs /
 []

[71] [72]
Underfull \hbox (badness 10000) in paragraph at lines 441--447
[]\T1/cmr/m/n/10 US En-vi-ron-men-tal Pro-tec-tion Agency.  Stochas-tic Hu-man Ex-po-sure and Dose
 []


Underfull \hbox (badness 10000) in paragraph at lines 441--447
\T1/cmr/m/n/10 Sim-u-la-tion (SHEDS) to es-ti-mate hu-man ex-po-sure to chem-i-cals | safer chem-i-
 []


Underfull \hbox (badness 10000) in paragraph at lines 441--447
\T1/cmr/m/n/10 cals re-search | us epa, 2020.  URL [][]$\T1/cmtt/m/n/10 https : / / www . epa . gov / chemical-[]research /
 []


Underfull \hbox (badness 6944) in paragraph at lines 463--468
[]\T1/cmr/m/n/10 World Health Or-ga-ni-za-tion.  Am-bi-ent air pol-lu-tion: A global as-sess-ment of ex-po-
 []


Underfull \hbox (badness 7740) in paragraph at lines 463--468
\T1/cmr/m/n/10 sure and bur-den of dis-ease, 2016.  URL [][]$\T1/cmtt/m/n/10 https : / / www . who . int / phe / publications /
 []


Underfull \hbox (badness 10000) in paragraph at lines 489--499
\T1/cmtt/m/n/10 / / onlinelibrary . wiley . com / doi / abs / 10 . 1002 / env . 716https : / / onlinelibrary . wiley . com /
 []

) [73]
Overfull \hbox (9.909pt too wide) in paragraph at lines 991--1001
 [][] 
 []


Overfull \hbox (29.26645pt too wide) in paragraph at lines 1007--1039
 [][] 
 []

[74

]

Package natbib Warning: There were undefined citations.

[75] (/Users/mlt216/Dropbox/Github/SPFFinalReport/Report/.texpadtmp/report.aux)

LaTeX Warning: Label(s) may have changed. Rerun to get cross-references right.

Package rerunfilecheck Info: File `report.out' has not changed.
(rerunfilecheck)             Checksum: 11B6118088B786B08013C673F8C3D81D;4977.
 ) 
Here is how much of TeX's memory you used:
 25915 strings out of 478994
 481337 string characters out of 5858184
 801161 words of memory out of 5000000
 42677 multiletter control sequences out of 15000+600000
 420085 words of font info for 68 fonts, out of 8000000 for 9000
 1141 hyphenation exceptions out of 8191
 128i,16n,130p,2123b,543s stack positions out of 5000i,500n,10000p,200000b,80000s
{/usr/local/texlive/2021/texmf-dist/fonts/enc/dvips/cm-super/cm-super-t1.enc}{/usr/local/texlive/2021/texmf-dist/fonts/enc/dvips/cm-super/cm-super-ts1.enc}</usr/local/texlive/2021/texmf-dist/fonts/type1/public/amsfonts/cm/cmex10.pfb></usr/local/texlive/2021/texmf-dist/fonts/type1/public/amsfonts/cm/cmmi10.pfb></usr/local/texlive/2021/texmf-dist/fonts/type1/public/amsfonts/cm/cmmi6.pfb></usr/local/texlive/2021/texmf-dist/fonts/type1/public/amsfonts/cm/cmmi7.pfb></usr/local/texlive/2021/texmf-dist/fonts/type1/public/amsfonts/cm/cmmi8.pfb></usr/local/texlive/2021/texmf-dist/fonts/type1/public/amsfonts/cm/cmr10.pfb></usr/local/texlive/2021/texmf-dist/fonts/type1/public/amsfonts/cm/cmr7.pfb></usr/local/texlive/2021/texmf-dist/fonts/type1/public/amsfonts/cm/cmsy10.pfb></usr/local/texlive/2021/texmf-dist/fonts/type1/public/amsfonts/cm/cmsy7.pfb></usr/local/texlive/2021/texmf-dist/fonts/type1/public/amsfonts/symbols/msam10.pfb></usr/local/texlive/2021/texmf-dist/fonts/type1/public/cm-super/sfbx1000.pfb></usr/local/texlive/2021/texmf-dist/fonts/type1/public/cm-super/sfbx1200.pfb></usr/local/texlive/2021/texmf-dist/fonts/type1/public/cm-super/sfbx1440.pfb></usr/local/texlive/2021/texmf-dist/fonts/type1/public/cm-super/sfrm0600.pfb></usr/local/texlive/2021/texmf-dist/fonts/type1/public/cm-super/sfrm0800.pfb></usr/local/texlive/2021/texmf-dist/fonts/type1/public/cm-super/sfrm1000.pfb></usr/local/texlive/2021/texmf-dist/fonts/type1/public/cm-super/sfrm1200.pfb></usr/local/texlive/2021/texmf-dist/fonts/type1/public/cm-super/sfrm1728.pfb></usr/local/texlive/2021/texmf-dist/fonts/type1/public/cm-super/sfti0800.pfb></usr/local/texlive/2021/texmf-dist/fonts/type1/public/cm-super/sfti1000.pfb></usr/local/texlive/2021/texmf-dist/fonts/type1/public/cm-super/sftt1000.pfb>
Output written on /Users/mlt216/Dropbox/Github/SPFFinalReport/Report/.texpadtmp/report.pdf (75 pages, 19457260 bytes).
PDF statistics:
 1334 PDF objects out of 1440 (max. 8388607)
 1133 compressed objects within 12 object streams
 214 named destinations out of 1000 (max. 500000)
 483 words of extra memory for PDF output out of 10000 (max. 10000000)

